[01m[K/home/GTL/wxu/cs7630_g6/src/floor_nav/tasks/TaskGoToPose.cpp:[m[K In member function â€˜[01m[Kvirtual task_manager_lib::TaskIndicator floor_nav::TaskGoToPose::iterate()[m[Kâ€™:
[01m[K/home/GTL/wxu/cs7630_g6/src/floor_nav/tasks/TaskGoToPose.cpp:30:33:[m[K [01;31m[Kerror: [m[Kâ€˜[01m[Kradians[m[Kâ€™ was not declared in this scope; did you mean â€˜[01m[Ktf2Radians[m[Kâ€™?
   30 |         if (fabs(theta_error) < [01;31m[Kradians[m[K(5)) { // Orientation threshold
      |                                 [01;31m[K^~~~~~~[m[K
      |                                 [32m[Ktf2Radians[m[K
[01m[K/home/GTL/wxu/cs7630_g6/src/floor_nav/tasks/TaskGoToPose.cpp:36:32:[m[K [01;31m[Kerror: [m[Kâ€˜[01m[Kradians[m[Kâ€™ was not declared in this scope; did you mean â€˜[01m[Ktf2Radians[m[Kâ€™?
   36 |         if (fabs(angle_diff) > [01;31m[Kradians[m[K(10)) { // Prioritize orientation
      |                                [01;31m[K^~~~~~~[m[K
      |                                [32m[Ktf2Radians[m[K
gmake[2]: *** [CMakeFiles/floornav_TaskGoToPose.dir/build.make:76: CMakeFiles/floornav_TaskGoToPose.dir/tasks/TaskGoToPose.cpp.o] Error 1
gmake[1]: *** [CMakeFiles/Makefile2:503: CMakeFiles/floornav_TaskGoToPose.dir/all] Error 2
gmake[1]: *** Waiting for unfinished jobs....
gmake: *** [Makefile:146: all] Error 2
