[0.935s] Invoking command in '/home/GTL/wxu/cs7630_g6/build/floor_nav': CMAKE_PREFIX_PATH=/home/GTL/wxu/cs7630_g6/install/task_manager_nav2:/home/GTL/wxu/cs7630_g6/install/task_manager_lib:/home/GTL/wxu/cs7630_g6/install/task_manager_msgs:/home/GTL/wxu/cs7630_g6/install/msg_pkg:/home/GTL/wxu/cs7630_g6/install/vrep4_helpers:/home/GTL/wxu/cs7630_g6/install/task_manager_sync:/home/GTL/wxu/cs7630_g6/install/floor_nav:/home/GTL/wxu/cs7630_g6/install/hw1_xwh:/home/GTL/wxu/cs7630_g6/install/collision_avoidance_base:/home/GTL/wxu/cs7630_g6/install/vrep_ros_teleop:/home/GTL/wxu/cs7630_g6/install/task_manager_client_py:/home/GTL/wxu/cs7630_g6/install/face_detect_base:/home/GTL/wxu/cs7630_g6/install/keyboard_teleop:/home/GTL/wxu/cs7630_g6/install/hw1:/home/GTL/wxu/cs7630_g6/install/floor_graph:/home/GTL/wxu/cs7630_g6/install/button_server:/opt/ros/humble LD_LIBRARY_PATH=/home/GTL/wxu/cs7630_g6/install/task_manager_lib/lib:/home/GTL/wxu/cs7630_g6/install/task_manager_msgs/lib:/home/GTL/wxu/cs7630_g6/install/msg_pkg/lib:/home/GTL/wxu/cs7630_g6/install/task_manager_sync/lib:/opt/ros/humble/opt/rviz_ogre_vendor/lib:/opt/ros/humble/lib/x86_64-linux-gnu:/opt/ros/humble/lib /usr/bin/cmake --build /home/GTL/wxu/cs7630_g6/build/floor_nav -- -j16 -l16
[2.112s] [ 62%] [32mBuilding CXX object CMakeFiles/floornav_TaskWaitForFace.dir/tasks/TaskWaitForFace.cpp.o[0m
[2.144s] [ 77%] Built target floornav_TaskPlanTo
[2.149s] [ 81%] Built target floornav_TaskWander
[2.162s] [ 85%] Built target floornav_TaskConstant
[2.162s] [ 85%] Built target floornav_TaskGoTo
[2.162s] [ 85%] Built target floornav_TaskTrigger
[2.162s] [ 85%] Built target floornav_TaskSetHeading
[2.168s] [ 85%] Built target floornav_TaskWanderFront
[2.168s] [ 85%] Built target floornav_TaskAutoDock
[2.174s] [ 85%] Built target floornav_TaskWaitForROI
[2.180s] [ 88%] Built target floornav_TaskNav2
[2.224s] [ 88%] Built target floornav_TaskSetMux
[2.304s] [ 96%] Built target floornav_task_server
[6.810s] In file included from [01m[K/home/GTL/wxu/cs7630_g6/src/floor_nav/tasks/TaskWaitForFace.cpp:2[m[K:
[6.810s] [01m[K/home/GTL/wxu/cs7630_g6/src/floor_nav/tasks/TaskWaitForFace.h:18:26:[m[K [01;31m[Kerror: [m[Kâ€˜[01m[Kmy_custom_msgs[m[Kâ€™ was not declared in this scope
[6.810s]    18 |     rclcpp::Subscription<[01;31m[Kmy_custom_msgs[m[K::msg::FaceArray>::SharedPtr face_detection_sub;
[6.810s]       |                          [01;31m[K^~~~~~~~~~~~~~[m[K
[6.810s] [01m[K/home/GTL/wxu/cs7630_g6/src/floor_nav/tasks/TaskWaitForFace.h:18:56:[m[K [01;31m[Kerror: [m[Ktemplate argument 1 is invalid
[6.810s]    18 |     rclcpp::Subscription<my_custom_msgs::msg::FaceArray[01;31m[K>[m[K::SharedPtr face_detection_sub;
[6.810s]       |                                                        [01;31m[K^[m[K
[6.810s] [01m[K/home/GTL/wxu/cs7630_g6/src/floor_nav/tasks/TaskWaitForFace.h:18:56:[m[K [01;31m[Kerror: [m[Ktemplate argument 3 is invalid
[6.810s] [01m[K/home/GTL/wxu/cs7630_g6/src/floor_nav/tasks/TaskWaitForFace.h:18:56:[m[K [01;31m[Kerror: [m[Ktemplate argument 4 is invalid
[6.810s] [01m[K/home/GTL/wxu/cs7630_g6/src/floor_nav/tasks/TaskWaitForFace.h:18:56:[m[K [01;31m[Kerror: [m[Ktemplate argument 5 is invalid
[6.810s] [01m[K/home/GTL/wxu/cs7630_g6/src/floor_nav/tasks/TaskWaitForFace.h:18:59:[m[K [01;31m[Kerror: [m[Kexpected â€˜[01m[K;[m[Kâ€™ at end of member declaration
[6.810s]    18 |     rclcpp::Subscription<my_custom_msgs::msg::FaceArray>::[01;31m[KSharedPtr[m[K face_detection_sub;
[6.811s]       |                                                           [01;31m[K^~~~~~~~~[m[K
[6.811s]       |                                                                    [32m[K;[m[K
[6.818s] [01m[K/home/GTL/wxu/cs7630_g6/src/floor_nav/tasks/TaskWaitForFace.h:18:69:[m[K [01;31m[Kerror: [m[Kâ€˜[01m[Kface_detection_sub[m[Kâ€™ does not name a type
[6.818s]    18 |     rclcpp::Subscription<my_custom_msgs::msg::FaceArray>::SharedPtr [01;31m[Kface_detection_sub[m[K;
[6.818s]       |                                                                     [01;31m[K^~~~~~~~~~~~~~~~~~[m[K
[6.823s] [01m[K/home/GTL/wxu/cs7630_g6/src/floor_nav/tasks/TaskWaitForFace.h:20:38:[m[K [01;31m[Kerror: [m[Kâ€˜[01m[Kmy_custom_msgs[m[Kâ€™ does not name a type
[6.823s]    20 |     void faceDetectionCallback(const [01;31m[Kmy_custom_msgs[m[K::msg::FaceArray::SharedPtr& msg);
[6.823s]       |                                      [01;31m[K^~~~~~~~~~~~~~[m[K
[6.823s] [01m[K/home/GTL/wxu/cs7630_g6/src/floor_nav/tasks/TaskWaitForFace.h:20:57:[m[K [01;31m[Kerror: [m[Kexpected unqualified-id before â€˜[01m[K::[m[Kâ€™ token
[6.823s]    20 |     void faceDetectionCallback(const my_custom_msgs::msg[01;31m[K::[m[KFaceArray::SharedPtr& msg);
[6.823s]       |                                                         [01;31m[K^~[m[K
[6.823s] [01m[K/home/GTL/wxu/cs7630_g6/src/floor_nav/tasks/TaskWaitForFace.h:20:57:[m[K [01;31m[Kerror: [m[Kexpected â€˜[01m[K)[m[Kâ€™ before â€˜[01m[K::[m[Kâ€™ token
[6.823s]    20 |     void faceDetectionCallback[34m[K([m[Kconst my_custom_msgs::msg[01;31m[K:[m[K[32m[K:[m[KFaceArray::SharedPtr& msg);
[6.823s]       |                               [34m[K~[m[K                         [01;31m[K^[m[K[32m[K~[m[K
[6.823s]       |                                                         [32m[K)[m[K
[6.823s] [01m[K/home/GTL/wxu/cs7630_g6/src/floor_nav/tasks/TaskWaitForFace.h:20:54:[m[K [01;31m[Kerror: [m[Kexpected â€˜[01m[K;[m[Kâ€™ at end of member declaration
[6.823s]    20 |     void faceDetectionCallback(const my_custom_msgs::[01;31m[Kmsg[m[K::FaceArray::SharedPtr& msg);
[6.823s]       |                                                      [01;31m[K^~~[m[K
[6.823s]       |                                                         [32m[K;[m[K
[6.826s] [01m[K/home/GTL/wxu/cs7630_g6/src/floor_nav/tasks/TaskWaitForFace.h:20:59:[m[K [01;31m[Kerror: [m[Kâ€˜[01m[KFaceArray[m[Kâ€™ in namespace â€˜[01m[K::[m[Kâ€™ does not name a type
[6.826s]    20 |     void faceDetectionCallback(const my_custom_msgs::msg::[01;31m[KFaceArray[m[K::SharedPtr& msg);
[6.826s]       |                                                           [01;31m[K^~~~~~~~~[m[K
[6.845s] [01m[K/home/GTL/wxu/cs7630_g6/src/floor_nav/tasks/TaskWaitForFace.cpp:[m[K In member function â€˜[01m[Kvirtual task_manager_lib::TaskIndicator floor_nav::TaskWaitForFace::initialise()[m[Kâ€™:
[6.845s] [01m[K/home/GTL/wxu/cs7630_g6/src/floor_nav/tasks/TaskWaitForFace.cpp:12:5:[m[K [01;31m[Kerror: [m[Kâ€˜[01m[Kface_detection_sub[m[Kâ€™ was not declared in this scope
[6.845s]    12 |     [01;31m[Kface_detection_sub[m[K = getNode()->create_subscription<my_custom_msgs::msg::FaceArray>(
[6.845s]       |     [01;31m[K^~~~~~~~~~~~~~~~~~[m[K
[6.856s] [01m[K/home/GTL/wxu/cs7630_g6/src/floor_nav/tasks/TaskWaitForFace.cpp:12:57:[m[K [01;31m[Kerror: [m[Kâ€˜[01m[Kmy_custom_msgs[m[Kâ€™ was not declared in this scope
[6.856s]    12 |     face_detection_sub = getNode()->create_subscription<[01;31m[Kmy_custom_msgs[m[K::msg::FaceArray>(
[6.856s]       |                                                         [01;31m[K^~~~~~~~~~~~~~[m[K
[6.856s] [01m[K/home/GTL/wxu/cs7630_g6/src/floor_nav/tasks/TaskWaitForFace.cpp:12:37:[m[K [01;31m[Kerror: [m[Kparse error in template argument list
[6.856s]    12 |     face_detection_sub = getNode()->[01;31m[Kcreate_subscription<my_custom_msgs::msg::FaceArray>[m[K(
[6.856s]       |                                     [01;31m[K^~~~~~~~~~~~~~~~~~~~~~~~~~~~~~~~~~~~~~~~~~~~~~~~~~~[m[K
[6.861s] [01m[K/home/GTL/wxu/cs7630_g6/src/floor_nav/tasks/TaskWaitForFace.cpp:14:22:[m[K [01;31m[Kerror: [m[Kâ€˜[01m[Kmy_custom_msgs[m[Kâ€™ does not name a type
[6.861s]    14 |         [this](const [01;31m[Kmy_custom_msgs[m[K::msg::FaceArray::SharedPtr msg) {
[6.861s]       |                      [01;31m[K^~~~~~~~~~~~~~[m[K
[6.861s] [01m[K/home/GTL/wxu/cs7630_g6/src/floor_nav/tasks/TaskWaitForFace.cpp:[m[K In lambda function:
[6.861s] [01m[K/home/GTL/wxu/cs7630_g6/src/floor_nav/tasks/TaskWaitForFace.cpp:16:11:[m[K [01;31m[Kerror: [m[Kexpected â€˜[01m[K{[m[Kâ€™ before â€˜[01m[K;[m[Kâ€™ token
[6.861s]    16 |         })[01;31m[K;[m[K
[6.861s]       |           [01;31m[K^[m[K
[6.861s] [01m[K/home/GTL/wxu/cs7630_g6/src/floor_nav/tasks/TaskWaitForFace.cpp:[m[K In member function â€˜[01m[Kvirtual task_manager_lib::TaskIndicator floor_nav::TaskWaitForFace::initialise()[m[Kâ€™:
[6.861s] [01m[K/home/GTL/wxu/cs7630_g6/src/floor_nav/tasks/TaskWaitForFace.cpp:16:11:[m[K [01;31m[Kerror: [m[Kexpected â€˜[01m[K)[m[Kâ€™ before â€˜[01m[K;[m[Kâ€™ token
[6.861s]    16 |         })[01;31m[K;[m[K
[6.861s]       |           [01;31m[K^[m[K
[6.862s]       |           [32m[K)[m[K
[6.862s] [01m[K/home/GTL/wxu/cs7630_g6/src/floor_nav/tasks/TaskWaitForFace.cpp:12:88:[m[K [01;36m[Knote: [m[Kto match this â€˜[01m[K([m[Kâ€™
[6.862s]    12 |     face_detection_sub = getNode()->create_subscription<my_custom_msgs::msg::FaceArray>[01;36m[K([m[K
[6.862s]       |                                                                                        [01;36m[K^[m[K
[6.867s] [01m[K/home/GTL/wxu/cs7630_g6/src/floor_nav/tasks/TaskWaitForFace.cpp:[m[K At global scope:
[6.867s] [01m[K/home/GTL/wxu/cs7630_g6/src/floor_nav/tasks/TaskWaitForFace.cpp:30:51:[m[K [01;31m[Kerror: [m[Kâ€˜[01m[Kmy_custom_msgs[m[Kâ€™ does not name a type
[6.867s]    30 | void TaskWaitForFace::faceDetectionCallback(const [01;31m[Kmy_custom_msgs[m[K::msg::FaceArray::SharedPtr& msg) {
[6.867s]       |                                                   [01;31m[K^~~~~~~~~~~~~~[m[K
[6.867s] [01m[K/home/GTL/wxu/cs7630_g6/src/floor_nav/tasks/TaskWaitForFace.cpp:30:70:[m[K [01;31m[Kerror: [m[Kexpected unqualified-id before â€˜[01m[K::[m[Kâ€™ token
[6.868s]    30 | void TaskWaitForFace::faceDetectionCallback(const my_custom_msgs::msg[01;31m[K::[m[KFaceArray::SharedPtr& msg) {
[6.868s]       |                                                                      [01;31m[K^~[m[K
[6.868s] [01m[K/home/GTL/wxu/cs7630_g6/src/floor_nav/tasks/TaskWaitForFace.cpp:30:70:[m[K [01;31m[Kerror: [m[Kexpected â€˜[01m[K)[m[Kâ€™ before â€˜[01m[K::[m[Kâ€™ token
[6.868s]    30 | void TaskWaitForFace::faceDetectionCallback[34m[K([m[Kconst my_custom_msgs::msg[01;31m[K:[m[K[32m[K:[m[KFaceArray::SharedPtr& msg) {
[6.868s]       |                                            [34m[K~[m[K                         [01;31m[K^[m[K[32m[K~[m[K
[6.868s]       |                                                                      [32m[K)[m[K
[6.868s] [01m[K/home/GTL/wxu/cs7630_g6/src/floor_nav/tasks/TaskWaitForFace.cpp:30:70:[m[K [01;31m[Kerror: [m[Kexpected initializer before â€˜[01m[K::[m[Kâ€™ token
[6.868s]    30 | void TaskWaitForFace::faceDetectionCallback(const my_custom_msgs::msg[01;31m[K::[m[KFaceArray::SharedPtr& msg) {
[6.868s]       |                                                                      [01;31m[K^~[m[K
[7.476s] gmake[2]: *** [CMakeFiles/floornav_TaskWaitForFace.dir/build.make:76: CMakeFiles/floornav_TaskWaitForFace.dir/tasks/TaskWaitForFace.cpp.o] Error 1
[7.483s] gmake[1]: *** [CMakeFiles/Makefile2:447: CMakeFiles/floornav_TaskWaitForFace.dir/all] Error 2
[7.483s] gmake: *** [Makefile:146: all] Error 2
[7.486s] Invoked command in '/home/GTL/wxu/cs7630_g6/build/floor_nav' returned '2': CMAKE_PREFIX_PATH=/home/GTL/wxu/cs7630_g6/install/task_manager_nav2:/home/GTL/wxu/cs7630_g6/install/task_manager_lib:/home/GTL/wxu/cs7630_g6/install/task_manager_msgs:/home/GTL/wxu/cs7630_g6/install/msg_pkg:/home/GTL/wxu/cs7630_g6/install/vrep4_helpers:/home/GTL/wxu/cs7630_g6/install/task_manager_sync:/home/GTL/wxu/cs7630_g6/install/floor_nav:/home/GTL/wxu/cs7630_g6/install/hw1_xwh:/home/GTL/wxu/cs7630_g6/install/collision_avoidance_base:/home/GTL/wxu/cs7630_g6/install/vrep_ros_teleop:/home/GTL/wxu/cs7630_g6/install/task_manager_client_py:/home/GTL/wxu/cs7630_g6/install/face_detect_base:/home/GTL/wxu/cs7630_g6/install/keyboard_teleop:/home/GTL/wxu/cs7630_g6/install/hw1:/home/GTL/wxu/cs7630_g6/install/floor_graph:/home/GTL/wxu/cs7630_g6/install/button_server:/opt/ros/humble LD_LIBRARY_PATH=/home/GTL/wxu/cs7630_g6/install/task_manager_lib/lib:/home/GTL/wxu/cs7630_g6/install/task_manager_msgs/lib:/home/GTL/wxu/cs7630_g6/install/msg_pkg/lib:/home/GTL/wxu/cs7630_g6/install/task_manager_sync/lib:/opt/ros/humble/opt/rviz_ogre_vendor/lib:/opt/ros/humble/lib/x86_64-linux-gnu:/opt/ros/humble/lib /usr/bin/cmake --build /home/GTL/wxu/cs7630_g6/build/floor_nav -- -j16 -l16
