[0.825s] Invoking command in '/home/GTL/wxu/cs7630_g6/build/floor_nav': CMAKE_PREFIX_PATH=/home/GTL/wxu/cs7630_g6/install/task_manager_nav2:/home/GTL/wxu/cs7630_g6/install/task_manager_lib:/home/GTL/wxu/cs7630_g6/install/task_manager_msgs:/home/GTL/wxu/cs7630_g6/install/msg_pkg:/home/GTL/wxu/cs7630_g6/install/vrep4_helpers:/home/GTL/wxu/cs7630_g6/install/task_manager_sync:/home/GTL/wxu/cs7630_g6/install/floor_nav:/home/GTL/wxu/cs7630_g6/install/hw1_xwh:/home/GTL/wxu/cs7630_g6/install/collision_avoidance_base:/home/GTL/wxu/cs7630_g6/install/vrep_ros_teleop:/home/GTL/wxu/cs7630_g6/install/task_manager_client_py:/home/GTL/wxu/cs7630_g6/install/rover_driver_base:/home/GTL/wxu/cs7630_g6/install/face_detect_base:/home/GTL/wxu/cs7630_g6/install/keyboard_teleop:/home/GTL/wxu/cs7630_g6/install/hw1:/home/GTL/wxu/cs7630_g6/install/floor_graph:/home/GTL/wxu/cs7630_g6/install/button_server:/opt/ros/humble LD_LIBRARY_PATH=/home/GTL/wxu/cs7630_g6/install/task_manager_lib/lib:/home/GTL/wxu/cs7630_g6/install/task_manager_msgs/lib:/home/GTL/wxu/cs7630_g6/install/msg_pkg/lib:/home/GTL/wxu/cs7630_g6/install/task_manager_sync/lib:/opt/ros/humble/opt/rviz_ogre_vendor/lib:/opt/ros/humble/lib/x86_64-linux-gnu:/opt/ros/humble/lib /usr/bin/cmake --build /home/GTL/wxu/cs7630_g6/build/floor_nav -- -j16 -l16
[1.744s] [35m[1mConsolidate compiler generated dependencies of target floornav_TaskWaitForFace[0m
[2.177s] [ 55%] [32mBuilding CXX object CMakeFiles/floornav_TaskWaitForFace.dir/tasks/TaskWaitForFace.cpp.o[0m
[2.197s] [ 86%] Built target floornav_TaskConstant
[2.199s] [ 86%] Built target floornav_TaskStareAtFace
[2.199s] [ 86%] Built target floornav_TaskAutoDock
[2.199s] [ 86%] Built target floornav_TaskPlanTo
[2.199s] [ 86%] Built target floornav_TaskWander
[2.199s] [ 86%] Built target floornav_TaskWanderFront
[2.199s] [ 86%] Built target floornav_TaskSetMux
[2.199s] [ 86%] Built target floornav_TaskWaitForROI
[2.202s] [ 89%] Built target floornav_TaskSetHeading
[2.205s] [ 96%] Built target floornav_TaskGoTo
[2.206s] [ 96%] Built target floornav_TaskTrigger
[2.209s] [ 96%] Built target floornav_TaskNav2
[2.211s] [ 96%] Built target floornav_task_server
[6.530s] In file included from [01m[K/home/GTL/wxu/cs7630_g6/src/floor_nav/tasks/TaskWaitForFace.cpp:2[m[K:
[6.530s] [01m[K/home/GTL/wxu/cs7630_g6/src/floor_nav/tasks/TaskWaitForFace.h:23:18:[m[K [01;31m[Kerror: [m[Kextra qualification â€˜[01m[Kfloor_nav::TaskWaitForFace::[m[Kâ€™ on member â€˜[01m[KfaceCallback[m[Kâ€™ [[01;31m[K]8;;https://gcc.gnu.org/onlinedocs/gcc/Warning-Options.html#index-fpermissive-fpermissive]8;;[m[K]
[6.530s]    23 |             void [01;31m[KTaskWaitForFace[m[K::faceCallback(const msg_pkg::msg::RegionsOfInterestArray::SharedPtr msg)
[6.530s]       |                  [01;31m[K^~~~~~~~~~~~~~~[m[K
[6.532s] In file included from [01m[K/opt/ros/humble/include/rclcpp/rclcpp/client.hpp:40[m[K,
[6.532s]                  from [01m[K/opt/ros/humble/include/rclcpp/rclcpp/callback_group.hpp:24[m[K,
[6.532s]                  from [01m[K/opt/ros/humble/include/rclcpp/rclcpp/any_executable.hpp:20[m[K,
[6.532s]                  from [01m[K/opt/ros/humble/include/rclcpp/rclcpp/memory_strategy.hpp:25[m[K,
[6.532s]                  from [01m[K/opt/ros/humble/include/rclcpp/rclcpp/memory_strategies.hpp:18[m[K,
[6.533s]                  from [01m[K/opt/ros/humble/include/rclcpp/rclcpp/executor_options.hpp:20[m[K,
[6.533s]                  from [01m[K/opt/ros/humble/include/rclcpp/rclcpp/executor.hpp:37[m[K,
[6.533s]                  from [01m[K/opt/ros/humble/include/rclcpp/rclcpp/executors/multi_threaded_executor.hpp:25[m[K,
[6.533s]                  from [01m[K/opt/ros/humble/include/rclcpp/rclcpp/executors.hpp:21[m[K,
[6.533s]                  from [01m[K/opt/ros/humble/include/rclcpp/rclcpp/rclcpp.hpp:155[m[K,
[6.533s]                  from [01m[K/home/GTL/wxu/cs7630_g6/install/task_manager_lib/include/task_manager_lib/TaskInstance.h:12[m[K,
[6.533s]                  from [01m[K/home/GTL/wxu/cs7630_g6/src/floor_nav/tasks/TaskWaitForFace.h:4[m[K,
[6.533s]                  from [01m[K/home/GTL/wxu/cs7630_g6/src/floor_nav/tasks/TaskWaitForFace.cpp:2[m[K:
[6.533s] [01m[K/home/GTL/wxu/cs7630_g6/src/floor_nav/tasks/TaskWaitForFace.h:[m[K In member function â€˜[01m[Kvoid floor_nav::TaskWaitForFace::faceCallback(msg_pkg::msg::RegionsOfInterestArray_<std::allocator<void> >::SharedPtr)[m[Kâ€™:
[6.533s] [01m[K/home/GTL/wxu/cs7630_g6/src/floor_nav/tasks/TaskWaitForFace.h:27:39:[m[K [01;31m[Kerror: [m[Kâ€˜[01m[Kclass floor_nav::TaskWaitForFace[m[Kâ€™ has no member named â€˜[01m[Kget_node[m[Kâ€™; did you mean â€˜[01m[KgetNode[m[Kâ€™?
[6.533s]    27 |                     RCLCPP_INFO(this->[01;31m[Kget_node[m[K()->get_logger(), "Face detected");
[6.533s]       |                                       [01;31m[K^~~~~~~~[m[K
[6.533s] [01m[K/home/GTL/wxu/cs7630_g6/src/floor_nav/tasks/TaskWaitForFace.h:27:39:[m[K [01;31m[Kerror: [m[Kâ€˜[01m[Kclass floor_nav::TaskWaitForFace[m[Kâ€™ has no member named â€˜[01m[Kget_node[m[Kâ€™; did you mean â€˜[01m[KgetNode[m[Kâ€™?
[6.533s] [01m[K/home/GTL/wxu/cs7630_g6/src/floor_nav/tasks/TaskWaitForFace.h:27:21:[m[K [01;31m[Kerror: [m[Ktemplate argument 1 is invalid
[6.533s]    27 |                     [01;31m[KRCLCPP_INFO[m[K(this->get_node()->get_logger(), "Face detected");
[6.533s]       |                     [01;31m[K^~~~~~~~~~~[m[K
[6.533s] [01m[K/home/GTL/wxu/cs7630_g6/src/floor_nav/tasks/TaskWaitForFace.h:27:21:[m[K [01;31m[Kerror: [m[Kâ€˜[01m[K<declaration error>[m[Kâ€™ is not a template [[01;31m[K]8;;https://gcc.gnu.org/onlinedocs/gcc/Warning-Options.html#index-fpermissive-fpermissive]8;;[m[K]
[6.533s]    27 |                     [01;31m[KRCLCPP_INFO[m[K(this->get_node()->get_logger(), "Face detected");
[6.533s]       |                     [01;31m[K^~~~~~~~~~~[m[K
[6.533s] [01m[K/home/GTL/wxu/cs7630_g6/src/floor_nav/tasks/TaskWaitForFace.h:27:21:[m[K [01;31m[Kerror: [m[Ktemplate argument 1 is invalid
[6.533s]    27 |                     [01;31m[KRCLCPP_INFO[m[K(this->get_node()->get_logger(), "Face detected");
[6.533s]       |                     [01;31m[K^~~~~~~~~~~[m[K
[6.533s] [01m[K/home/GTL/wxu/cs7630_g6/src/floor_nav/tasks/TaskWaitForFace.h:27:21:[m[K [01;31m[Kerror: [m[Kâ€˜[01m[K<declaration error>[m[Kâ€™ is not a template [[01;31m[K]8;;https://gcc.gnu.org/onlinedocs/gcc/Warning-Options.html#index-fpermissive-fpermissive]8;;[m[K]
[6.533s]    27 |                     [01;31m[KRCLCPP_INFO[m[K(this->get_node()->get_logger(), "Face detected");
[6.533s]       |                     [01;31m[K^~~~~~~~~~~[m[K
[6.533s] [01m[K/home/GTL/wxu/cs7630_g6/src/floor_nav/tasks/TaskWaitForFace.h:27:21:[m[K [01;31m[Kerror: [m[Ktemplate argument 1 is invalid
[6.533s]    27 |                     [01;31m[KRCLCPP_INFO[m[K(this->get_node()->get_logger(), "Face detected");
[6.533s]       |                     [01;31m[K^~~~~~~~~~~[m[K
[6.533s] In file included from [01m[K/opt/ros/humble/include/rclcpp/rclcpp/logging.hpp:24[m[K,
[6.533s]                  from [01m[K/opt/ros/humble/include/rclcpp/rclcpp/client.hpp:40[m[K,
[6.534s]                  from [01m[K/opt/ros/humble/include/rclcpp/rclcpp/callback_group.hpp:24[m[K,
[6.534s]                  from [01m[K/opt/ros/humble/include/rclcpp/rclcpp/any_executable.hpp:20[m[K,
[6.534s]                  from [01m[K/opt/ros/humble/include/rclcpp/rclcpp/memory_strategy.hpp:25[m[K,
[6.534s]                  from [01m[K/opt/ros/humble/include/rclcpp/rclcpp/memory_strategies.hpp:18[m[K,
[6.534s]                  from [01m[K/opt/ros/humble/include/rclcpp/rclcpp/executor_options.hpp:20[m[K,
[6.534s]                  from [01m[K/opt/ros/humble/include/rclcpp/rclcpp/executor.hpp:37[m[K,
[6.534s]                  from [01m[K/opt/ros/humble/include/rclcpp/rclcpp/executors/multi_threaded_executor.hpp:25[m[K,
[6.534s]                  from [01m[K/opt/ros/humble/include/rclcpp/rclcpp/executors.hpp:21[m[K,
[6.534s]                  from [01m[K/opt/ros/humble/include/rclcpp/rclcpp/rclcpp.hpp:155[m[K,
[6.534s]                  from [01m[K/home/GTL/wxu/cs7630_g6/install/task_manager_lib/include/task_manager_lib/TaskInstance.h:12[m[K,
[6.534s]                  from [01m[K/home/GTL/wxu/cs7630_g6/src/floor_nav/tasks/TaskWaitForFace.h:4[m[K,
[6.534s]                  from [01m[K/home/GTL/wxu/cs7630_g6/src/floor_nav/tasks/TaskWaitForFace.cpp:2[m[K:
[6.534s] [01m[K/home/GTL/wxu/cs7630_g6/src/floor_nav/tasks/TaskWaitForFace.h:27:39:[m[K [01;31m[Kerror: [m[Kâ€˜[01m[Kclass floor_nav::TaskWaitForFace[m[Kâ€™ has no member named â€˜[01m[Kget_node[m[Kâ€™; did you mean â€˜[01m[KgetNode[m[Kâ€™?
[6.534s]    27 |                     RCLCPP_INFO(this->[01;31m[Kget_node[m[K()->get_logger(), "Face detected");
[6.534s]       |                                       [01;31m[K^~~~~~~~[m[K
[6.534s] [01m[K/home/GTL/wxu/cs7630_g6/src/floor_nav/tasks/TaskWaitForFace.h:27:39:[m[K [01;31m[Kerror: [m[Kâ€˜[01m[Kclass floor_nav::TaskWaitForFace[m[Kâ€™ has no member named â€˜[01m[Kget_node[m[Kâ€™; did you mean â€˜[01m[KgetNode[m[Kâ€™?
[6.534s]    27 |                     RCLCPP_INFO(this->[01;31m[Kget_node[m[K()->get_logger(), "Face detected");
[6.534s]       |                                       [01;31m[K^~~~~~~~[m[K
[8.424s] gmake[2]: *** [CMakeFiles/floornav_TaskWaitForFace.dir/build.make:76: CMakeFiles/floornav_TaskWaitForFace.dir/tasks/TaskWaitForFace.cpp.o] Error 1
[8.424s] gmake[1]: *** [CMakeFiles/Makefile2:449: CMakeFiles/floornav_TaskWaitForFace.dir/all] Error 2
[8.424s] gmake: *** [Makefile:146: all] Error 2
[8.426s] Invoked command in '/home/GTL/wxu/cs7630_g6/build/floor_nav' returned '2': CMAKE_PREFIX_PATH=/home/GTL/wxu/cs7630_g6/install/task_manager_nav2:/home/GTL/wxu/cs7630_g6/install/task_manager_lib:/home/GTL/wxu/cs7630_g6/install/task_manager_msgs:/home/GTL/wxu/cs7630_g6/install/msg_pkg:/home/GTL/wxu/cs7630_g6/install/vrep4_helpers:/home/GTL/wxu/cs7630_g6/install/task_manager_sync:/home/GTL/wxu/cs7630_g6/install/floor_nav:/home/GTL/wxu/cs7630_g6/install/hw1_xwh:/home/GTL/wxu/cs7630_g6/install/collision_avoidance_base:/home/GTL/wxu/cs7630_g6/install/vrep_ros_teleop:/home/GTL/wxu/cs7630_g6/install/task_manager_client_py:/home/GTL/wxu/cs7630_g6/install/rover_driver_base:/home/GTL/wxu/cs7630_g6/install/face_detect_base:/home/GTL/wxu/cs7630_g6/install/keyboard_teleop:/home/GTL/wxu/cs7630_g6/install/hw1:/home/GTL/wxu/cs7630_g6/install/floor_graph:/home/GTL/wxu/cs7630_g6/install/button_server:/opt/ros/humble LD_LIBRARY_PATH=/home/GTL/wxu/cs7630_g6/install/task_manager_lib/lib:/home/GTL/wxu/cs7630_g6/install/task_manager_msgs/lib:/home/GTL/wxu/cs7630_g6/install/msg_pkg/lib:/home/GTL/wxu/cs7630_g6/install/task_manager_sync/lib:/opt/ros/humble/opt/rviz_ogre_vendor/lib:/opt/ros/humble/lib/x86_64-linux-gnu:/opt/ros/humble/lib /usr/bin/cmake --build /home/GTL/wxu/cs7630_g6/build/floor_nav -- -j16 -l16
