[35m[1mConsolidate compiler generated dependencies of target floornav_TaskStareAtFace[0m
[ 65%] [32mBuilding CXX object CMakeFiles/floornav_TaskStareAtFace.dir/tasks/TaskStareAtFace.cpp.o[0m
[ 65%] Built target floornav_TaskNav2
[ 89%] Built target floornav_TaskWaitForROI
[ 89%] Built target floornav_TaskWanderFront
[ 89%] Built target floornav_TaskAutoDock
[ 89%] Built target floornav_TaskSetMux
[ 89%] Built target floornav_TaskGoTo
[ 89%] Built target floornav_TaskWaitForFace
[ 89%] Built target floornav_TaskSetHeading
[ 96%] Built target floornav_TaskConstant
[ 96%] Built target floornav_TaskWander
[ 96%] Built target floornav_TaskTrigger
[ 96%] Built target floornav_TaskPlanTo
[ 96%] Built target floornav_task_server
[01m[K/home/GTL/wxu/cs7630_g6/src/floor_nav/tasks/TaskStareAtFace.cpp:[m[K In constructor â€˜[01m[KTaskStareAtFace::TaskStareAtFace(task_manager_lib::TaskDefinitionPtr, task_manager_lib::TaskEnvironmentPtr)[m[Kâ€™:
[01m[K/home/GTL/wxu/cs7630_g6/src/floor_nav/tasks/TaskStareAtFace.cpp:26:32:[m[K [01;31m[Kerror: [m[Kâ€˜[01m[Kusing element_type = class task_manager_lib::TaskEnvironment[m[Kâ€™ {aka â€˜[01m[Kclass task_manager_lib::TaskEnvironment[m[Kâ€™} has no member named â€˜[01m[KgetPose2D[m[Kâ€™
   26 |         initial_heading = env->[01;31m[KgetPose2D[m[K().theta;
      |                                [01;31m[K^~~~~~~~~[m[K
[01m[K/home/GTL/wxu/cs7630_g6/src/floor_nav/tasks/TaskStareAtFace.cpp:[m[K In member function â€˜[01m[Kvoid TaskStareAtFace::faceCallback(msg_pkg::msg::RegionsOfInterestArray_<std::allocator<void> >::SharedPtr)[m[Kâ€™:
[01m[K/home/GTL/wxu/cs7630_g6/src/floor_nav/tasks/TaskStareAtFace.cpp:73:13:[m[K [01;31m[Kerror: [m[Kâ€˜[01m[Kface_roi[m[Kâ€™ was not declared in this scope
   73 |             [01;31m[Kface_roi[m[K = msg->regions[0];
      |             [01;31m[K^~~~~~~~[m[K
gmake[2]: *** [CMakeFiles/floornav_TaskStareAtFace.dir/build.make:76: CMakeFiles/floornav_TaskStareAtFace.dir/tasks/TaskStareAtFace.cpp.o] Error 1
gmake[1]: *** [CMakeFiles/Makefile2:501: CMakeFiles/floornav_TaskStareAtFace.dir/all] Error 2
gmake: *** [Makefile:146: all] Error 2
