-- Found ament_cmake: 1.3.6 (/opt/ros/humble/share/ament_cmake/cmake)
-- Found rclcpp: 16.0.7 (/opt/ros/humble/share/rclcpp/cmake)
-- Found rosidl_generator_c: 3.1.5 (/opt/ros/humble/share/rosidl_generator_c/cmake)
-- Found rosidl_adapter: 3.1.5 (/opt/ros/humble/share/rosidl_adapter/cmake)
-- Found rosidl_generator_cpp: 3.1.5 (/opt/ros/humble/share/rosidl_generator_cpp/cmake)
-- Using all available rosidl_typesupport_c: rosidl_typesupport_fastrtps_c;rosidl_typesupport_introspection_c
-- Using all available rosidl_typesupport_cpp: rosidl_typesupport_fastrtps_cpp;rosidl_typesupport_introspection_cpp
-- Found rmw_implementation_cmake: 6.1.1 (/opt/ros/humble/share/rmw_implementation_cmake/cmake)
-- Found rmw_cyclonedds_cpp: 1.3.4 (/opt/ros/humble/share/rmw_cyclonedds_cpp/cmake)
-- Using RMW implementation 'rmw_cyclonedds_cpp' as default
-- Found rclcpp_action: 16.0.7 (/opt/ros/humble/share/rclcpp_action/cmake)
-- Found rclpy: 3.3.11 (/opt/ros/humble/share/rclpy/cmake)
-- Found task_manager_msgs: 0.0.0 (/home/GTL/wxu/cs7630_g6/install/task_manager_msgs/share/task_manager_msgs/cmake)
-- Found task_manager_lib: 0.0.0 (/home/GTL/wxu/cs7630_g6/install/task_manager_lib/share/task_manager_lib/cmake)
-- Found sensor_msgs: 4.2.3 (/opt/ros/humble/share/sensor_msgs/cmake)
-- Found topic_tools_interfaces: 1.1.1 (/opt/ros/humble/share/topic_tools_interfaces/cmake)
-- Found kobuki_ros_interfaces: 1.0.0 (/opt/ros/humble/share/kobuki_ros_interfaces/cmake)
-- Eigen found (include: /usr/include/eigen3, version: 3.4.0)
-- OpenNI found (version: 1.5.4.0, include: /usr/include/ni, lib: /usr/lib/libOpenNI.so;libusb::libusb)
-- OpenNI2 found (version: 2.2.0.33, include: /usr/include/openni2, lib: /usr/lib/x86_64-linux-gnu/libOpenNI2.so;libusb::libusb)
-- Eigen found (include: /usr/include/eigen3, version: 3.4.0)
-- Found pcl_conversions: 2.4.0 (/opt/ros/humble/share/pcl_conversions/cmake)
-- Found tf2: 0.25.5 (/opt/ros/humble/share/tf2/cmake)
-- Found tf2_ros: 0.25.5 (/opt/ros/humble/share/tf2_ros/cmake)
-- Found tf2_geometry_msgs: 0.25.5 (/opt/ros/humble/share/tf2_geometry_msgs/cmake)
-- Found eigen3_cmake_module: 0.1.1 (/opt/ros/humble/share/eigen3_cmake_module/cmake)
-- Ensuring Eigen3 include directory is part of orocos-kdl CMake target
-- Found task_manager_nav2: 0.0.0 (/home/GTL/wxu/cs7630_g6/install/task_manager_nav2/share/task_manager_nav2/cmake)
-- Found msg_pkg: 0.0.0 (/home/GTL/wxu/cs7630_g6/install/msg_pkg/share/msg_pkg/cmake)
-- Found ament_lint_auto: 0.12.9 (/opt/ros/humble/share/ament_lint_auto/cmake)
-- Added test 'cppcheck' to perform static code analysis on C / C++ code
-- Configured cppcheck include dirs: /home/GTL/wxu/cs7630_g6/src/floor_nav/include
-- Configured cppcheck exclude dirs and/or files: 
-- Added test 'flake8' to check Python code syntax and style conventions
-- Added test 'lint_cmake' to check CMake code style
-- Added test 'pep257' to check Python code against some of the docstring style conventions in PEP 257
-- Added test 'uncrustify' to check C / C++ code style
-- Configured uncrustify additional arguments: 
-- Added test 'xmllint' to check XML markup files
-- Configuring done
-- Generating done
-- Build files have been written to: /home/GTL/wxu/cs7630_g6/build/floor_nav
[35m[1mConsolidate compiler generated dependencies of target floornav_TaskStareAtFace[0m
[35m[1mConsolidate compiler generated dependencies of target floornav_TaskWanderFront[0m
[35m[1mConsolidate compiler generated dependencies of target floornav_TaskWaitForFace[0m
[35m[1mConsolidate compiler generated dependencies of target floornav_TaskWander[0m
[35m[1mConsolidate compiler generated dependencies of target floornav_TaskSetMux[0m
[35m[1mConsolidate compiler generated dependencies of target floornav_TaskConstant[0m
[35m[1mConsolidate compiler generated dependencies of target floornav_TaskWaitForROI[0m
[35m[1mConsolidate compiler generated dependencies of target floornav_TaskTrigger[0m
[35m[1mConsolidate compiler generated dependencies of target floornav_TaskSetHeading[0m
[35m[1mConsolidate compiler generated dependencies of target floornav_TaskNav2[0m
[35m[1mConsolidate compiler generated dependencies of target floornav_TaskAutoDock[0m
[35m[1mConsolidate compiler generated dependencies of target floornav_TaskGoTo[0m
[35m[1mConsolidate compiler generated dependencies of target floornav_task_server[0m
[35m[1mConsolidate compiler generated dependencies of target floornav_TaskPlanTo[0m
[  3%] [32mBuilding CXX object CMakeFiles/floornav_TaskGoToPose.dir/tasks/TaskGoToPose.cpp.o[0m
[ 74%] Built target floornav_TaskPlanTo
[ 74%] [32mBuilding CXX object CMakeFiles/floornav_TaskStareAtFace.dir/tasks/TaskStareAtFace.cpp.o[0m
[ 74%] Built target floornav_TaskWaitForFace
[ 74%] Built target floornav_TaskConstant
[ 74%] Built target floornav_TaskWaitForROI
[ 90%] Built target floornav_TaskWander
[ 90%] Built target floornav_TaskSetHeading
[ 90%] Built target floornav_TaskSetMux
[ 90%] Built target floornav_TaskAutoDock
[ 90%] Built target floornav_TaskNav2
[ 93%] Built target floornav_TaskTrigger
[ 93%] Built target floornav_TaskGoTo
[ 93%] Built target floornav_TaskWanderFront
[ 93%] Built target floornav_task_server
[01m[K/home/GTL/wxu/cs7630_g6/src/floor_nav/tasks/TaskGoToPose.cpp:[m[K In member function â€˜[01m[Kvirtual task_manager_lib::TaskIndicator floor_nav::TaskGoToPose::iterate()[m[Kâ€™:
[01m[K/home/GTL/wxu/cs7630_g6/src/floor_nav/tasks/TaskGoToPose.cpp:27:33:[m[K [01;31m[Kerror: [m[Kâ€˜[01m[Kradians[m[Kâ€™ was not declared in this scope; did you mean â€˜[01m[Ktf2Radians[m[Kâ€™?
   27 |         if (fabs(theta_error) < [01;31m[Kradians[m[K(5)) { // Orientation threshold
      |                                 [01;31m[K^~~~~~~[m[K
      |                                 [32m[Ktf2Radians[m[K
[01m[K/home/GTL/wxu/cs7630_g6/src/floor_nav/tasks/TaskGoToPose.cpp:33:32:[m[K [01;31m[Kerror: [m[Kâ€˜[01m[Kradians[m[Kâ€™ was not declared in this scope; did you mean â€˜[01m[Ktf2Radians[m[Kâ€™?
   33 |         if (fabs(angle_diff) > [01;31m[Kradians[m[K(10)) { // Prioritize orientation
      |                                [01;31m[K^~~~~~~[m[K
      |                                [32m[Ktf2Radians[m[K
[01m[K/home/GTL/wxu/cs7630_g6/src/floor_nav/tasks/TaskStareAtFace.cpp:[m[K In member function â€˜[01m[Kvirtual task_manager_lib::TaskIndicator floor_nav::TaskStareAtFace::iterate()[m[Kâ€™:
[01m[K/home/GTL/wxu/cs7630_g6/src/floor_nav/tasks/TaskStareAtFace.cpp:43:13:[m[K [01;31m[Kerror: [m[Kexpected primary-expression before â€˜[01m[K)[m[Kâ€™ token
   43 |         if ([01;31m[K)[m[K
      |             [01;31m[K^[m[K
gmake[2]: *** [CMakeFiles/floornav_TaskGoToPose.dir/build.make:76: CMakeFiles/floornav_TaskGoToPose.dir/tasks/TaskGoToPose.cpp.o] Error 1
gmake[1]: *** [CMakeFiles/Makefile2:503: CMakeFiles/floornav_TaskGoToPose.dir/all] Error 2
gmake[1]: *** Waiting for unfinished jobs....
gmake[2]: *** [CMakeFiles/floornav_TaskStareAtFace.dir/build.make:76: CMakeFiles/floornav_TaskStareAtFace.dir/tasks/TaskStareAtFace.cpp.o] Error 1
gmake[1]: *** [CMakeFiles/Makefile2:529: CMakeFiles/floornav_TaskStareAtFace.dir/all] Error 2
gmake: *** [Makefile:146: all] Error 2
