[0mCMake Error: The current CMakeCache.txt directory /home/GTL/wxu/cs7630_g6/build/hw1_xwh/CMakeCache.txt is different than the directory /home/GTL/hshi/cs7630_g6/build/hw1_xwh where CMakeCache.txt was created. This may result in binaries being created in the wrong place. If you are not sure, reedit the CMakeCache.txt[0m
[31mCMake Error at /opt/ros/humble/share/ament_cmake_core/cmake/core/stamp.cmake:24 (configure_file):
  Operation not permitted
Call Stack (most recent call first):
  /opt/ros/humble/share/ament_cmake_core/cmake/ament_cmake_package_templates-extras.cmake:24 (stamp)
  /opt/ros/humble/share/ament_cmake_core/cmake/ament_cmake_coreConfig.cmake:41 (include)
  /opt/ros/humble/share/ament_cmake/cmake/ament_cmake_export_dependencies-extras.cmake:15 (find_package)
  /opt/ros/humble/share/ament_cmake/cmake/ament_cmakeConfig.cmake:41 (include)
  CMakeLists.txt:9 (find_package)

[0m
Traceback (most recent call last):
  File "/opt/ros/humble/share/ament_cmake_core/cmake/package_templates/templates_2_cmake.py", line 21, in <module>
    from ament_package.templates import get_environment_hook_template_path
ModuleNotFoundError: No module named 'ament_package'
[31mCMake Error at /opt/ros/humble/share/ament_cmake_core/cmake/ament_cmake_package_templates-extras.cmake:41 (message):
  execute_process(/usr/bin/python3.10
  /opt/ros/humble/share/ament_cmake_core/cmake/package_templates/templates_2_cmake.py
  /home/GTL/hshi/cs7630_g6/build/hw1_xwh/ament_cmake_package_templates/templates.cmake)
  returned error code 1
Call Stack (most recent call first):
  /opt/ros/humble/share/ament_cmake_core/cmake/ament_cmake_coreConfig.cmake:41 (include)
  /opt/ros/humble/share/ament_cmake/cmake/ament_cmake_export_dependencies-extras.cmake:15 (find_package)
  /opt/ros/humble/share/ament_cmake/cmake/ament_cmakeConfig.cmake:41 (include)
  CMakeLists.txt:9 (find_package)

[0m
gmake: *** [Makefile:267: cmake_check_build_system] Error 1
