[0.990s] Invoking command in '/home/GTL/wxu/cs7630_g6/build/hw1_xwh': /usr/bin/cmake --build /home/GTL/wxu/cs7630_g6/build/hw1_xwh -- -j16 -l16
[0.992s] [0mCMake Error: The current CMakeCache.txt directory /home/GTL/wxu/cs7630_g6/build/hw1_xwh/CMakeCache.txt is different than the directory /home/GTL/hshi/cs7630_g6/build/hw1_xwh where CMakeCache.txt was created. This may result in binaries being created in the wrong place. If you are not sure, reedit the CMakeCache.txt[0m
[1.202s] -- Found ament_cmake: 1.3.6 (/opt/ros/humble/share/ament_cmake/cmake)
[1.261s] [31mCMake Error at /opt/ros/humble/share/ament_cmake_core/cmake/core/stamp.cmake:24 (configure_file):
[1.261s]   Operation not permitted
[1.261s] Call Stack (most recent call first):
[1.261s]   /opt/ros/humble/share/ament_cmake_core/cmake/ament_cmake_package_templates-extras.cmake:24 (stamp)
[1.261s]   /opt/ros/humble/share/ament_cmake_core/cmake/ament_cmake_coreConfig.cmake:41 (include)
[1.261s]   /opt/ros/humble/share/ament_cmake/cmake/ament_cmake_export_dependencies-extras.cmake:15 (find_package)
[1.261s]   /opt/ros/humble/share/ament_cmake/cmake/ament_cmakeConfig.cmake:41 (include)
[1.261s]   CMakeLists.txt:9 (find_package)
[1.261s] 
[1.261s] [0m
[1.304s] Traceback (most recent call last):
[1.304s]   File "/opt/ros/humble/share/ament_cmake_core/cmake/package_templates/templates_2_cmake.py", line 21, in <module>
[1.304s]     from ament_package.templates import get_environment_hook_template_path
[1.304s] ModuleNotFoundError: No module named 'ament_package'
[1.310s] [31mCMake Error at /opt/ros/humble/share/ament_cmake_core/cmake/ament_cmake_package_templates-extras.cmake:41 (message):
[1.310s]   execute_process(/usr/bin/python3.10
[1.310s]   /opt/ros/humble/share/ament_cmake_core/cmake/package_templates/templates_2_cmake.py
[1.310s]   /home/GTL/hshi/cs7630_g6/build/hw1_xwh/ament_cmake_package_templates/templates.cmake)
[1.310s]   returned error code 1
[1.310s] Call Stack (most recent call first):
[1.310s]   /opt/ros/humble/share/ament_cmake_core/cmake/ament_cmake_coreConfig.cmake:41 (include)
[1.310s]   /opt/ros/humble/share/ament_cmake/cmake/ament_cmake_export_dependencies-extras.cmake:15 (find_package)
[1.310s]   /opt/ros/humble/share/ament_cmake/cmake/ament_cmakeConfig.cmake:41 (include)
[1.310s]   CMakeLists.txt:9 (find_package)
[1.311s] 
[1.311s] [0m
[1.316s] -- Configuring incomplete, errors occurred!
[1.316s] See also "/home/GTL/hshi/cs7630_g6/build/hw1_xwh/CMakeFiles/CMakeOutput.log".
[1.388s] gmake: *** [Makefile:267: cmake_check_build_system] Error 1
[1.391s] Invoked command in '/home/GTL/wxu/cs7630_g6/build/hw1_xwh' returned '2': /usr/bin/cmake --build /home/GTL/wxu/cs7630_g6/build/hw1_xwh -- -j16 -l16
