[35m[1mConsolidate compiler generated dependencies of target floornav_TaskStareAtFace[0m
[ 48%] [32mBuilding CXX object CMakeFiles/floornav_TaskStareAtFace.dir/tasks/TaskStareAtFace.cpp.o[0m
[ 86%] Built target floornav_TaskGoTo
[ 86%] Built target floornav_TaskTrigger
[ 86%] Built target floornav_TaskSetHeading
[ 86%] Built target floornav_TaskNav2
[ 86%] Built target floornav_TaskWaitForFace
[ 86%] Built target floornav_TaskAutoDock
[ 96%] Built target floornav_TaskConstant
[ 96%] Built target floornav_TaskWander
[ 96%] Built target floornav_TaskWaitForROI
[ 96%] Built target floornav_TaskPlanTo
[ 96%] Built target floornav_task_server
[ 96%] Built target floornav_TaskSetMux
[ 96%] Built target floornav_TaskWanderFront
[01m[K/home/GTL/wxu/cs7630_g6/src/floor_nav/tasks/TaskStareAtFace.cpp:[m[K In member function â€˜[01m[Kvirtual task_manager_lib::TaskIndicator floor_nav::TaskStareAtFace::iterate()[m[Kâ€™:
[01m[K/home/GTL/wxu/cs7630_g6/src/floor_nav/tasks/TaskStareAtFace.cpp:58:34:[m[K [01;31m[Kerror: [m[Kâ€˜[01m[KperformRotation[m[Kâ€™ was not declared in this scope
   58 |         bool rotation_complete = [01;31m[KperformRotation[m[K(target_rotation); // You need to implement this method
      |                                  [01;31m[K^~~~~~~~~~~~~~~[m[K
gmake[2]: *** [CMakeFiles/floornav_TaskStareAtFace.dir/build.make:76: CMakeFiles/floornav_TaskStareAtFace.dir/tasks/TaskStareAtFace.cpp.o] Error 1
gmake[1]: *** [CMakeFiles/Makefile2:501: CMakeFiles/floornav_TaskStareAtFace.dir/all] Error 2
gmake: *** [Makefile:146: all] Error 2
