[35m[1mConsolidate compiler generated dependencies of target floornav_TaskStareAtFace[0m
[  3%] [32mBuilding CXX object CMakeFiles/floornav_TaskStareAtFace.dir/tasks/TaskStareAtFace.cpp.o[0m
[ 86%] Built target floornav_TaskConstant
[ 86%] Built target floornav_TaskSetMux
[ 86%] Built target floornav_TaskTrigger
[ 86%] Built target floornav_TaskWaitForROI
[ 86%] Built target floornav_TaskWander
[ 86%] Built target floornav_TaskSetHeading
[ 86%] Built target floornav_TaskWaitForFace
[ 86%] Built target floornav_TaskGoTo
[ 89%] Built target floornav_TaskWanderFront
[ 89%] Built target floornav_TaskPlanTo
[ 89%] Built target floornav_TaskNav2
[ 89%] Built target floornav_TaskAutoDock
[ 96%] Built target floornav_task_server
[01m[K/home/GTL/wxu/cs7630_g6/src/floor_nav/tasks/TaskStareAtFace.cpp:[m[K In member function â€˜[01m[Kvirtual task_manager_lib::TaskIndicator TaskStareAtFace::iterate()[m[Kâ€™:
[01m[K/home/GTL/wxu/cs7630_g6/src/floor_nav/tasks/TaskStareAtFace.cpp:46:38:[m[K [01;31m[Kerror: [m[Kâ€˜[01m[Kface_roi[m[Kâ€™ was not declared in this scope
   46 |             uint32_t face_center_x = [01;31m[Kface_roi[m[K.x_offset + (face_roi.width / 2);
      |                                      [01;31m[K^~~~~~~~[m[K
[01m[K/home/GTL/wxu/cs7630_g6/src/floor_nav/tasks/TaskStareAtFace.cpp:[m[K In member function â€˜[01m[Kvoid TaskStareAtFace::faceCallback(msg_pkg::msg::RegionsOfInterestArray_<std::allocator<void> >::SharedPtr)[m[Kâ€™:
[01m[K/home/GTL/wxu/cs7630_g6/src/floor_nav/tasks/TaskStareAtFace.cpp:73:9:[m[K [01;31m[Kerror: [m[Kâ€˜[01m[Kface_roi[m[Kâ€™ was not declared in this scope
   73 |         [01;31m[Kface_roi[m[K = msg->regions[0]; // Update the face_roi with the detected face
      |         [01;31m[K^~~~~~~~[m[K
gmake[2]: *** [CMakeFiles/floornav_TaskStareAtFace.dir/build.make:76: CMakeFiles/floornav_TaskStareAtFace.dir/tasks/TaskStareAtFace.cpp.o] Error 1
gmake[1]: *** [CMakeFiles/Makefile2:501: CMakeFiles/floornav_TaskStareAtFace.dir/all] Error 2
gmake: *** [Makefile:146: all] Error 2
