[35m[1mConsolidate compiler generated dependencies of target floornav_TaskWanderFront[0m
[ 85%] [32mBuilding CXX object CMakeFiles/floornav_TaskWanderFront.dir/tasks/TaskWanderFront.cpp.o[0m
[ 85%] Built target floornav_TaskNav2
[ 85%] Built target floornav_TaskGoTo
[ 85%] Built target floornav_TaskAutoDock
[ 85%] Built target floornav_TaskWaitForROI
[ 85%] Built target floornav_TaskTrigger
[ 85%] Built target floornav_TaskConstant
[ 85%] Built target floornav_TaskPlanTo
[ 85%] Built target floornav_TaskSetMux
[ 85%] Built target floornav_TaskSetHeading
[ 85%] Built target floornav_TaskWander
[ 85%] Built target floornav_TaskWaitForFace
[ 96%] Built target floornav_task_server
[01m[K/home/GTL/wxu/cs7630_g6/src/floor_nav/tasks/TaskWanderFront.cpp:[m[K In member function â€˜[01m[Kvirtual task_manager_lib::TaskIndicator floor_nav::TaskWanderFront::iterate()[m[Kâ€™:
[01m[K/home/GTL/wxu/cs7630_g6/src/floor_nav/tasks/TaskWanderFront.cpp:38:27:[m[K [01;31m[Kerror: [m[Kâ€˜[01m[Kusing element_type = struct floor_nav::TaskWanderFrontConfig[m[Kâ€™ {aka â€˜[01m[Kstruct floor_nav::TaskWanderFrontConfig[m[Kâ€™} has no member named â€˜[01m[Kmin_linear_speed_for_turn[m[Kâ€™
   38 |         if (linear < cfg->[01;31m[Kmin_linear_speed_for_turn[m[K) {
      |                           [01;31m[K^~~~~~~~~~~~~~~~~~~~~~~~~[m[K
gmake[2]: *** [CMakeFiles/floornav_TaskWanderFront.dir/build.make:76: CMakeFiles/floornav_TaskWanderFront.dir/tasks/TaskWanderFront.cpp.o] Error 1
gmake[1]: *** [CMakeFiles/Makefile2:473: CMakeFiles/floornav_TaskWanderFront.dir/all] Error 2
gmake: *** [Makefile:146: all] Error 2
