In file included from [01m[K/opt/ros/humble/include/rclcpp/rclcpp/logging.hpp:24[m[K,
                 from [01m[K/opt/ros/humble/include/rclcpp/rclcpp/client.hpp:40[m[K,
                 from [01m[K/opt/ros/humble/include/rclcpp/rclcpp/callback_group.hpp:24[m[K,
                 from [01m[K/opt/ros/humble/include/rclcpp/rclcpp/any_executable.hpp:20[m[K,
                 from [01m[K/opt/ros/humble/include/rclcpp/rclcpp/memory_strategy.hpp:25[m[K,
                 from [01m[K/opt/ros/humble/include/rclcpp/rclcpp/memory_strategies.hpp:18[m[K,
                 from [01m[K/opt/ros/humble/include/rclcpp/rclcpp/executor_options.hpp:20[m[K,
                 from [01m[K/opt/ros/humble/include/rclcpp/rclcpp/executor.hpp:37[m[K,
                 from [01m[K/opt/ros/humble/include/rclcpp/rclcpp/executors/multi_threaded_executor.hpp:25[m[K,
                 from [01m[K/opt/ros/humble/include/rclcpp/rclcpp/executors.hpp:21[m[K,
                 from [01m[K/opt/ros/humble/include/rclcpp/rclcpp/rclcpp.hpp:155[m[K,
                 from [01m[K/home/GTL/wxu/cs7630_g6/install/task_manager_lib/include/task_manager_lib/TaskInstance.h:12[m[K,
                 from [01m[K/home/GTL/wxu/cs7630_g6/src/floor_nav/tasks/TaskStareAtFace.h:4[m[K,
                 from [01m[K/home/GTL/wxu/cs7630_g6/src/floor_nav/tasks/TaskStareAtFace.cpp:2[m[K:
[01m[K/home/GTL/wxu/cs7630_g6/src/floor_nav/tasks/TaskStareAtFace.cpp:[m[K In member function â€˜[01m[Kvirtual task_manager_lib::TaskIndicator floor_nav::TaskStareAtFace::iterate()[m[Kâ€™:
[01m[K/home/GTL/wxu/cs7630_g6/src/floor_nav/tasks/TaskStareAtFace.cpp:36:89:[m[K [01;31m[Kerror: [m[Kâ€˜[01m[Kc[m[Kâ€™ was not declared in this scope
   36 |     RCLCPP_INFO(node->get_logger(),"Kowtow! linear velocity: %f, angular velocity: %f", [01;31m[Kc[m[K, rot);
      |                                                                                         [01;31m[K^[m[K
gmake[2]: *** [CMakeFiles/floornav_TaskStareAtFace.dir/build.make:76: CMakeFiles/floornav_TaskStareAtFace.dir/tasks/TaskStareAtFace.cpp.o] Error 1
gmake[1]: *** [CMakeFiles/Makefile2:501: CMakeFiles/floornav_TaskStareAtFace.dir/all] Error 2
gmake[1]: *** Waiting for unfinished jobs....
gmake: *** [Makefile:146: all] Error 2
