[35m[1mConsolidate compiler generated dependencies of target floornav_TaskGoToPose[0m
[ 45%] [32mBuilding CXX object CMakeFiles/floornav_TaskStareAtFace.dir/tasks/TaskStareAtFace.cpp.o[0m
[ 45%] [32mBuilding CXX object CMakeFiles/floornav_TaskGoToPose.dir/tasks/TaskGoToPose.cpp.o[0m
[ 70%] Built target floornav_TaskPlanTo
[ 70%] Built target floornav_TaskAutoDock
[ 70%] Built target floornav_TaskWaitForFace
[ 70%] Built target floornav_TaskWaitForROI
[ 70%] Built target floornav_TaskTrigger
[ 70%] Built target floornav_TaskNav2
[ 80%] Built target floornav_TaskWander
[ 80%] Built target floornav_TaskConstant
[ 87%] Built target floornav_TaskGoTo
[ 93%] Built target floornav_TaskWanderFront
[ 93%] Built target floornav_TaskSetHeading
[ 93%] Built target floornav_task_server
[ 93%] Built target floornav_TaskSetMux
[01m[K/home/GTL/wxu/cs7630_g6/src/floor_nav/tasks/TaskGoToPose.cpp:[m[K In member function â€˜[01m[Kvirtual task_manager_lib::TaskIndicator floor_nav::TaskGoToPose::iterate()[m[Kâ€™:
[01m[K/home/GTL/wxu/cs7630_g6/src/floor_nav/tasks/TaskGoToPose.cpp:34:9:[m[K [01;31m[Kerror: [m[Kâ€˜[01m[KTwist[m[Kâ€™ was not declared in this scope; did you mean â€˜[01m[Kgeometry_msgs::msg::Twist[m[Kâ€™?
   34 |         [01;31m[KTwist[m[K twist;
      |         [01;31m[K^~~~~[m[K
      |         [32m[Kgeometry_msgs::msg::Twist[m[K
In file included from [01m[K/opt/ros/humble/include/geometry_msgs/geometry_msgs/msg/twist.hpp:7[m[K,
                 from [01m[K/home/GTL/wxu/cs7630_g6/src/floor_nav/include/floor_nav/SimTasksEnv.h:7[m[K,
                 from [01m[K/home/GTL/wxu/cs7630_g6/src/floor_nav/tasks/TaskGoToPose.h:5[m[K,
                 from [01m[K/home/GTL/wxu/cs7630_g6/src/floor_nav/tasks/TaskGoToPose.cpp:1[m[K:
[01m[K/opt/ros/humble/include/geometry_msgs/geometry_msgs/msg/detail/twist__struct.hpp:134:7:[m[K [01;36m[Knote: [m[Kâ€˜[01m[Kgeometry_msgs::msg::Twist[m[Kâ€™ declared here
  134 | using [01;36m[KTwist[m[K =
      |       [01;36m[K^~~~~[m[K
[01m[K/home/GTL/wxu/cs7630_g6/src/floor_nav/tasks/TaskGoToPose.cpp:35:9:[m[K [01;31m[Kerror: [m[Kâ€˜[01m[Ktwist[m[Kâ€™ was not declared in this scope
   35 |         [01;31m[Ktwist[m[K.linear.x = cfg->goal_x; - tpose.x;
      |         [01;31m[K^~~~~[m[K
[01m[K/home/GTL/wxu/cs7630_g6/src/floor_nav/tasks/TaskGoToPose.cpp:35:39:[m[K [01;35m[Kwarning: [m[Kstatement has no effect [[01;35m[K]8;;https://gcc.gnu.org/onlinedocs/gcc/Warning-Options.html#index-Wunused-value-Wunused-value]8;;[m[K]
   35 |         twist.linear.x = cfg->goal_x; [01;35m[K- tpose.x[m[K;
      |                                       [01;35m[K^~~~~~~~~[m[K
gmake[2]: *** [CMakeFiles/floornav_TaskGoToPose.dir/build.make:76: CMakeFiles/floornav_TaskGoToPose.dir/tasks/TaskGoToPose.cpp.o] Error 1
gmake[1]: *** [CMakeFiles/Makefile2:503: CMakeFiles/floornav_TaskGoToPose.dir/all] Error 2
gmake[1]: *** Waiting for unfinished jobs....
[ 96%] [32m[1mLinking CXX shared library libfloornav_TaskStareAtFace.so[0m
[ 96%] Built target floornav_TaskStareAtFace
gmake: *** [Makefile:146: all] Error 2
